0  baseline  0:
0.08201	['item_category_list', 'item_price_level', 'item_sales_level', 'item_collected_level', 'user_gender_id', 'user_age_level', 'user_star_level', 'context_page_id', 'shop_review_positive_rate', 'shop_score_service', 'hour', 'day']
13  len_item_property  0:
0.081949	['item_category_list', 'item_price_level', 'item_sales_level', 'item_collected_level', 'user_gender_id', 'user_age_level', 'user_star_level', 'context_page_id', 'shop_review_positive_rate', 'shop_score_service', 'hour', 'day', 'len_item_property']
36  user_id_query_day  0:
0.081601	['item_category_list', 'item_price_level', 'item_sales_level', 'item_collected_level', 'user_gender_id', 'user_age_level', 'user_star_level', 'context_page_id', 'shop_review_positive_rate', 'shop_score_service', 'hour', 'day', 'user_id_query_day']
39  user_id_query_min_map  0:
0.081432	['item_category_list', 'item_price_level', 'item_sales_level', 'item_collected_level', 'user_gender_id', 'user_age_level', 'user_star_level', 'context_page_id', 'shop_review_positive_rate', 'shop_score_service', 'hour', 'day', 'user_id_query_min_map']
77  check_shop_id_ratio  0:
0.081339	['item_category_list', 'item_price_level', 'item_sales_level', 'item_collected_level', 'user_gender_id', 'user_age_level', 'user_star_level', 'context_page_id', 'shop_review_positive_rate', 'shop_score_service', 'hour', 'day', 'check_shop_id_ratio']
85  check_item_brand_id_ratio  0:
0.081227	['item_category_list', 'item_price_level', 'item_sales_level', 'item_collected_level', 'user_gender_id', 'user_age_level', 'user_star_level', 'context_page_id', 'shop_review_positive_rate', 'shop_score_service', 'hour', 'day', 'check_item_brand_id_ratio']
101  check_item_category_list_ratio  0:
0.081149	['item_category_list', 'item_price_level', 'item_sales_level', 'item_collected_level', 'user_gender_id', 'user_age_level', 'user_star_level', 'context_page_id', 'shop_review_positive_rate', 'shop_score_service', 'hour', 'day', 'check_item_category_list_ratio']
146  check_ratio_day_all  0:
0.080987	['item_category_list', 'item_price_level', 'item_sales_level', 'item_collected_level', 'user_gender_id', 'user_age_level', 'user_star_level', 'context_page_id', 'shop_review_positive_rate', 'shop_score_service', 'hour', 'day', 'check_ratio_day_all']
149  check_min_difference_ahead  0:
0.08076	['item_category_list', 'item_price_level', 'item_sales_level', 'item_collected_level', 'user_gender_id', 'user_age_level', 'user_star_level', 'context_page_id', 'shop_review_positive_rate', 'shop_score_service', 'hour', 'day', 'check_min_difference_ahead']
5  shop_id  0:
0.080754	['item_category_list', 'item_price_level', 'item_sales_level', 'item_collected_level', 'user_gender_id', 'user_age_level', 'user_star_level', 'context_page_id', 'shop_review_positive_rate', 'shop_score_service', 'hour', 'day', 'check_min_difference_ahead', 'shop_id']
13  len_item_property  0:
0.080743	['item_category_list', 'item_price_level', 'item_sales_level', 'item_collected_level', 'user_gender_id', 'user_age_level', 'user_star_level', 'context_page_id', 'shop_review_positive_rate', 'shop_score_service', 'hour', 'day', 'check_min_difference_ahead', 'len_item_property']
24  item_property_list8  0:
0.080685	['item_category_list', 'item_price_level', 'item_sales_level', 'item_collected_level', 'user_gender_id', 'user_age_level', 'user_star_level', 'context_page_id', 'shop_review_positive_rate', 'shop_score_service', 'hour', 'day', 'check_min_difference_ahead', 'item_property_list8']
39  user_id_query_min_map  0:
0.080497	['item_category_list', 'item_price_level', 'item_sales_level', 'item_collected_level', 'user_gender_id', 'user_age_level', 'user_star_level', 'context_page_id', 'shop_review_positive_rate', 'shop_score_service', 'hour', 'day', 'check_min_difference_ahead', 'user_id_query_min_map']
75  check_shop_id_min_difference  0:
0.080196	['item_category_list', 'item_price_level', 'item_sales_level', 'item_collected_level', 'user_gender_id', 'user_age_level', 'user_star_level', 'context_page_id', 'shop_review_positive_rate', 'shop_score_service', 'hour', 'day', 'check_min_difference_ahead', 'check_shop_id_min_difference']
76  check_shop_id_time_day  0:
0.080145	['item_category_list', 'item_price_level', 'item_sales_level', 'item_collected_level', 'user_gender_id', 'user_age_level', 'user_star_level', 'context_page_id', 'shop_review_positive_rate', 'shop_score_service', 'hour', 'day', 'check_min_difference_ahead', 'check_shop_id_time_day']
77  check_shop_id_ratio  0:
0.080071	['item_category_list', 'item_price_level', 'item_sales_level', 'item_collected_level', 'user_gender_id', 'user_age_level', 'user_star_level', 'context_page_id', 'shop_review_positive_rate', 'shop_score_service', 'hour', 'day', 'check_min_difference_ahead', 'check_shop_id_ratio']
85  check_item_brand_id_ratio  0:
0.080016	['item_category_list', 'item_price_level', 'item_sales_level', 'item_collected_level', 'user_gender_id', 'user_age_level', 'user_star_level', 'context_page_id', 'shop_review_positive_rate', 'shop_score_service', 'hour', 'day', 'check_min_difference_ahead', 'check_item_brand_id_ratio']
1  item_brand_id  0:
0.079986	['item_category_list', 'item_price_level', 'item_sales_level', 'item_collected_level', 'user_gender_id', 'user_age_level', 'user_star_level', 'context_page_id', 'shop_review_positive_rate', 'shop_score_service', 'hour', 'day', 'check_min_difference_ahead', 'check_item_brand_id_ratio', 'item_brand_id']
2  item_city_id  0:
0.079985	['item_category_list', 'item_price_level', 'item_sales_level', 'item_collected_level', 'user_gender_id', 'user_age_level', 'user_star_level', 'context_page_id', 'shop_review_positive_rate', 'shop_score_service', 'hour', 'day', 'check_min_difference_ahead', 'check_item_brand_id_ratio', 'item_city_id']
4  item_pv_level  0:
0.079961	['item_category_list', 'item_price_level', 'item_sales_level', 'item_collected_level', 'user_gender_id', 'user_age_level', 'user_star_level', 'context_page_id', 'shop_review_positive_rate', 'shop_score_service', 'hour', 'day', 'check_min_difference_ahead', 'check_item_brand_id_ratio', 'item_pv_level']
13  len_item_property  0:
0.07994	['item_category_list', 'item_price_level', 'item_sales_level', 'item_collected_level', 'user_gender_id', 'user_age_level', 'user_star_level', 'context_page_id', 'shop_review_positive_rate', 'shop_score_service', 'hour', 'day', 'check_min_difference_ahead', 'check_item_brand_id_ratio', 'len_item_property']
20  item_property_list4  0:
0.07993	['item_category_list', 'item_price_level', 'item_sales_level', 'item_collected_level', 'user_gender_id', 'user_age_level', 'user_star_level', 'context_page_id', 'shop_review_positive_rate', 'shop_score_service', 'hour', 'day', 'check_min_difference_ahead', 'check_item_brand_id_ratio', 'item_property_list4']
36  user_id_query_day  0:
0.079598	['item_category_list', 'item_price_level', 'item_sales_level', 'item_collected_level', 'user_gender_id', 'user_age_level', 'user_star_level', 'context_page_id', 'shop_review_positive_rate', 'shop_score_service', 'hour', 'day', 'check_min_difference_ahead', 'check_item_brand_id_ratio', 'user_id_query_day']
39  user_id_query_min_map  0:
0.07958	['item_category_list', 'item_price_level', 'item_sales_level', 'item_collected_level', 'user_gender_id', 'user_age_level', 'user_star_level', 'context_page_id', 'shop_review_positive_rate', 'shop_score_service', 'hour', 'day', 'check_min_difference_ahead', 'check_item_brand_id_ratio', 'user_id_query_min_map']
0  baseline  0:
0.07958	['item_category_list', 'item_price_level', 'item_sales_level', 'item_collected_level', 'user_gender_id', 'user_age_level', 'user_star_level', 'context_page_id', 'shop_review_positive_rate', 'shop_score_service', 'hour', 'day', 'check_min_difference_ahead', 'check_item_brand_id_ratio', 'user_id_query_min_map']
4  item_pv_level  0:
0.079525	['item_category_list', 'item_price_level', 'item_sales_level', 'item_collected_level', 'user_gender_id', 'user_age_level', 'user_star_level', 'context_page_id', 'shop_review_positive_rate', 'shop_score_service', 'hour', 'day', 'check_min_difference_ahead', 'check_item_brand_id_ratio', 'user_id_query_min_map', 'item_pv_level']
13  len_item_property  0:
0.07946	['item_category_list', 'item_price_level', 'item_sales_level', 'item_collected_level', 'user_gender_id', 'user_age_level', 'user_star_level', 'context_page_id', 'shop_review_positive_rate', 'shop_score_service', 'hour', 'day', 'check_min_difference_ahead', 'check_item_brand_id_ratio', 'user_id_query_min_map', 'len_item_property']
36  user_id_query_day  0:
0.079398	['item_category_list', 'item_price_level', 'item_sales_level', 'item_collected_level', 'user_gender_id', 'user_age_level', 'user_star_level', 'context_page_id', 'shop_review_positive_rate', 'shop_score_service', 'hour', 'day', 'check_min_difference_ahead', 'check_item_brand_id_ratio', 'user_id_query_min_map', 'user_id_query_day']
45  shop_id_query_day_hour_map  0:
0.079372	['item_category_list', 'item_price_level', 'item_sales_level', 'item_collected_level', 'user_gender_id', 'user_age_level', 'user_star_level', 'context_page_id', 'shop_review_positive_rate', 'shop_score_service', 'hour', 'day', 'check_min_difference_ahead', 'check_item_brand_id_ratio', 'user_id_query_min_map', 'shop_id_query_day_hour_map']
86  user_id_query_day_item_id  0:
0.079367	['item_category_list', 'item_price_level', 'item_sales_level', 'item_collected_level', 'user_gender_id', 'user_age_level', 'user_star_level', 'context_page_id', 'shop_review_positive_rate', 'shop_score_service', 'hour', 'day', 'check_min_difference_ahead', 'check_item_brand_id_ratio', 'user_id_query_min_map', 'user_id_query_day_item_id']
87  user_id_query_day_hour_item_id  0:
0.079346	['item_category_list', 'item_price_level', 'item_sales_level', 'item_collected_level', 'user_gender_id', 'user_age_level', 'user_star_level', 'context_page_id', 'shop_review_positive_rate', 'shop_score_service', 'hour', 'day', 'check_min_difference_ahead', 'check_item_brand_id_ratio', 'user_id_query_min_map', 'user_id_query_day_hour_item_id']
99  check_item_category_list_ratio  0:
0.079301	['item_category_list', 'item_price_level', 'item_sales_level', 'item_collected_level', 'user_gender_id', 'user_age_level', 'user_star_level', 'context_page_id', 'shop_review_positive_rate', 'shop_score_service', 'hour', 'day', 'check_min_difference_ahead', 'check_item_brand_id_ratio', 'user_id_query_min_map', 'check_item_category_list_ratio']
144  check_ratio_day_all  0:
0.079262	['item_category_list', 'item_price_level', 'item_sales_level', 'item_collected_level', 'user_gender_id', 'user_age_level', 'user_star_level', 'context_page_id', 'shop_review_positive_rate', 'shop_score_service', 'hour', 'day', 'check_min_difference_ahead', 'check_item_brand_id_ratio', 'user_id_query_min_map', 'check_ratio_day_all']

<class 'type'>
%------------------------------------------------------------%
0  baseline  0:
0.079262	['check_ratio_day_all', 'item_category_list', 'item_price_level', 'item_sales_level', 'item_collected_level', 'user_gender_id', 'user_age_level', 'user_star_level', 'context_page_id', 'shop_review_positive_rate', 'shop_score_service', 'hour', 'day', 'check_min_difference_ahead', 'check_item_brand_id_ratio', 'user_id_query_min_map']
6  shop_review_num_level  0:
0.079249	['check_ratio_day_all', 'item_category_list', 'item_price_level', 'item_sales_level', 'item_collected_level', 'user_gender_id', 'user_age_level', 'user_star_level', 'context_page_id', 'shop_review_positive_rate', 'shop_score_service', 'hour', 'day', 'check_min_difference_ahead', 'check_item_brand_id_ratio', 'user_id_query_min_map', 'shop_review_num_level']
13  len_item_property  0:
0.079215	['check_ratio_day_all', 'item_category_list', 'item_price_level', 'item_sales_level', 'item_collected_level', 'user_gender_id', 'user_age_level', 'user_star_level', 'context_page_id', 'shop_review_positive_rate', 'shop_score_service', 'hour', 'day', 'check_min_difference_ahead', 'check_item_brand_id_ratio', 'user_id_query_min_map', 'len_item_property']
16  item_property_list0  0:
0.079202	['check_ratio_day_all', 'item_category_list', 'item_price_level', 'item_sales_level', 'item_collected_level', 'user_gender_id', 'user_age_level', 'user_star_level', 'context_page_id', 'shop_review_positive_rate', 'shop_score_service', 'hour', 'day', 'check_min_difference_ahead', 'check_item_brand_id_ratio', 'user_id_query_min_map', 'item_property_list0']
36  user_id_query_day  0:
0.079135	['check_ratio_day_all', 'item_category_list', 'item_price_level', 'item_sales_level', 'item_collected_level', 'user_gender_id', 'user_age_level', 'user_star_level', 'context_page_id', 'shop_review_positive_rate', 'shop_score_service', 'hour', 'day', 'check_min_difference_ahead', 'check_item_brand_id_ratio', 'user_id_query_min_map', 'user_id_query_day']
45  shop_id_query_day_hour_map  0:
0.079126	['check_ratio_day_all', 'item_category_list', 'item_price_level', 'item_sales_level', 'item_collected_level', 'user_gender_id', 'user_age_level', 'user_star_level', 'context_page_id', 'shop_review_positive_rate', 'shop_score_service', 'hour', 'day', 'check_min_difference_ahead', 'check_item_brand_id_ratio', 'user_id_query_min_map', 'shop_id_query_day_hour_map']
71  user_id_query_day_shop_id  0:
0.079114	['check_ratio_day_all', 'item_category_list', 'item_price_level', 'item_sales_level', 'item_collected_level', 'user_gender_id', 'user_age_level', 'user_star_level', 'context_page_id', 'shop_review_positive_rate', 'shop_score_service', 'hour', 'day', 'check_min_difference_ahead', 'check_item_brand_id_ratio', 'user_id_query_min_map', 'user_id_query_day_shop_id']
86  user_id_query_day_item_id  0:
0.079101	['check_ratio_day_all', 'item_category_list', 'item_price_level', 'item_sales_level', 'item_collected_level', 'user_gender_id', 'user_age_level', 'user_star_level', 'context_page_id', 'shop_review_positive_rate', 'shop_score_service', 'hour', 'day', 'check_min_difference_ahead', 'check_item_brand_id_ratio', 'user_id_query_min_map', 'user_id_query_day_item_id']
0  baseline  0:
0.079101	['user_id_query_day_item_id', 'check_ratio_day_all', 'item_category_list', 'item_price_level', 'item_sales_level', 'item_collected_level', 'user_gender_id', 'user_age_level', 'user_star_level', 'context_page_id', 'shop_review_positive_rate', 'shop_score_service', 'hour', 'day', 'check_min_difference_ahead', 'check_item_brand_id_ratio', 'user_id_query_min_map']
1  item_brand_id  0:
0.079076	['user_id_query_day_item_id', 'check_ratio_day_all', 'item_category_list', 'item_price_level', 'item_sales_level', 'item_collected_level', 'user_gender_id', 'user_age_level', 'user_star_level', 'context_page_id', 'shop_review_positive_rate', 'shop_score_service', 'hour', 'day', 'check_min_difference_ahead', 'check_item_brand_id_ratio', 'user_id_query_min_map', 'item_brand_id']
13  len_item_property  0:
0.079029	['user_id_query_day_item_id', 'check_ratio_day_all', 'item_category_list', 'item_price_level', 'item_sales_level', 'item_collected_level', 'user_gender_id', 'user_age_level', 'user_star_level', 'context_page_id', 'shop_review_positive_rate', 'shop_score_service', 'hour', 'day', 'check_min_difference_ahead', 'check_item_brand_id_ratio', 'user_id_query_min_map', 'len_item_property']
36  user_id_query_day  0:
0.078978	['user_id_query_day_item_id', 'check_ratio_day_all', 'item_category_list', 'item_price_level', 'item_sales_level', 'item_collected_level', 'user_gender_id', 'user_age_level', 'user_star_level', 'context_page_id', 'shop_review_positive_rate', 'shop_score_service', 'hour', 'day', 'check_min_difference_ahead', 'check_item_brand_id_ratio', 'user_id_query_min_map', 'user_id_query_day']
45  shop_id_query_day_hour_map  0:
0.078943	['user_id_query_day_item_id', 'check_ratio_day_all', 'item_category_list', 'item_price_level', 'item_sales_level', 'item_collected_level', 'user_gender_id', 'user_age_level', 'user_star_level', 'context_page_id', 'shop_review_positive_rate', 'shop_score_service', 'hour', 'day', 'check_min_difference_ahead', 'check_item_brand_id_ratio', 'user_id_query_min_map', 'shop_id_query_day_hour_map']
170  shop_id_cnt1h  0:
0.078937	['user_id_query_day_item_id', 'check_ratio_day_all', 'item_category_list', 'item_price_level', 'item_sales_level', 'item_collected_level', 'user_gender_id', 'user_age_level', 'user_star_level', 'context_page_id', 'shop_review_positive_rate', 'shop_score_service', 'hour', 'day', 'check_min_difference_ahead', 'check_item_brand_id_ratio', 'user_id_query_min_map', 'shop_id_cnt1h']
225  user_gender_id_item_id_trade_meanxd  0:
0.078929	['user_id_query_day_item_id', 'check_ratio_day_all', 'item_category_list', 'item_price_level', 'item_sales_level', 'item_collected_level', 'user_gender_id', 'user_age_level', 'user_star_level', 'context_page_id', 'shop_review_positive_rate', 'shop_score_service', 'hour', 'day', 'check_min_difference_ahead', 'check_item_brand_id_ratio', 'user_id_query_min_map', 'user_gender_id_item_id_trade_meanxd']
245  user_occupation_id_item_id_trade_meanxd  0:
0.078883	['user_id_query_day_item_id', 'check_ratio_day_all', 'item_category_list', 'item_price_level', 'item_sales_level', 'item_collected_level', 'user_gender_id', 'user_age_level', 'user_star_level', 'context_page_id', 'shop_review_positive_rate', 'shop_score_service', 'hour', 'day', 'check_min_difference_ahead', 'check_item_brand_id_ratio', 'user_id_query_min_map', 'user_occupation_id_item_id_trade_meanxd']
286  item_price_level_brand_cnt  0:
0.078864	['user_id_query_day_item_id', 'check_ratio_day_all', 'item_category_list', 'item_price_level', 'item_sales_level', 'item_collected_level', 'user_gender_id', 'user_age_level', 'user_star_level', 'context_page_id', 'shop_review_positive_rate', 'shop_score_service', 'hour', 'day', 'check_min_difference_ahead', 'check_item_brand_id_ratio', 'user_id_query_min_map', 'item_price_level_brand_cnt']
414  shop_id_user_occ_cnt  0:
0.078861	['user_id_query_day_item_id', 'check_ratio_day_all', 'item_category_list', 'item_price_level', 'item_sales_level', 'item_collected_level', 'user_gender_id', 'user_age_level', 'user_star_level', 'context_page_id', 'shop_review_positive_rate', 'shop_score_service', 'hour', 'day', 'check_min_difference_ahead', 'check_item_brand_id_ratio', 'user_id_query_min_map', 'shop_id_user_occ_cnt']
424  item_brand_id_shop_cnt  0:
0.078734	['user_id_query_day_item_id', 'check_ratio_day_all', 'item_category_list', 'item_price_level', 'item_sales_level', 'item_collected_level', 'user_gender_id', 'user_age_level', 'user_star_level', 'context_page_id', 'shop_review_positive_rate', 'shop_score_service', 'hour', 'day', 'check_min_difference_ahead', 'check_item_brand_id_ratio', 'user_id_query_min_map', 'item_brand_id_shop_cnt']
36  user_id_query_day  0:
0.078672	['user_id_query_day_item_id', 'check_ratio_day_all', 'item_category_list', 'item_price_level', 'item_sales_level', 'item_collected_level', 'user_gender_id', 'user_age_level', 'user_star_level', 'context_page_id', 'shop_review_positive_rate', 'shop_score_service', 'hour', 'day', 'check_min_difference_ahead', 'check_item_brand_id_ratio', 'user_id_query_min_map', 'item_brand_id_shop_cnt', 'user_id_query_day']
0  baseline  0:
0.078978	['user_id_query_day', 'user_id_query_day_item_id', 'check_ratio_day_all', 'item_category_list', 'item_price_level', 'item_sales_level', 'item_collected_level', 'user_gender_id', 'user_age_level', 'user_star_level', 'context_page_id', 'shop_review_positive_rate', 'shop_score_service', 'hour', 'day', 'check_min_difference_ahead', 'check_item_brand_id_ratio', 'user_id_query_min_map']
1  item_brand_id  0:
0.078949	['user_id_query_day', 'user_id_query_day_item_id', 'check_ratio_day_all', 'item_category_list', 'item_price_level', 'item_sales_level', 'item_collected_level', 'user_gender_id', 'user_age_level', 'user_star_level', 'context_page_id', 'shop_review_positive_rate', 'shop_score_service', 'hour', 'day', 'check_min_difference_ahead', 'check_item_brand_id_ratio', 'user_id_query_min_map', 'item_brand_id']

<class 'type'>
%------------------------------------------------------------%
0  baseline  0:
0.078672	['user_id_query_day_item_id', 'check_ratio_day_all', 'item_category_list', 'item_price_level', 'item_sales_level', 'item_collected_level', 'user_gender_id', 'user_age_level', 'user_star_level', 'context_page_id', 'shop_review_positive_rate', 'shop_score_service', 'hour', 'day', 'check_min_difference_ahead', 'check_item_brand_id_ratio', 'user_id_query_min_map', 'item_brand_id_shop_cnt', 'user_id_query_day']
1  item_brand_id  0:
0.078665	['user_id_query_day_item_id', 'check_ratio_day_all', 'item_category_list', 'item_price_level', 'item_sales_level', 'item_collected_level', 'user_gender_id', 'user_age_level', 'user_star_level', 'context_page_id', 'shop_review_positive_rate', 'shop_score_service', 'hour', 'day', 'check_min_difference_ahead', 'check_item_brand_id_ratio', 'user_id_query_min_map', 'item_brand_id_shop_cnt', 'user_id_query_day', 'item_brand_id']
11  user_occupation_id  0:
0.078664	['user_id_query_day_item_id', 'check_ratio_day_all', 'item_category_list', 'item_price_level', 'item_sales_level', 'item_collected_level', 'user_gender_id', 'user_age_level', 'user_star_level', 'context_page_id', 'shop_review_positive_rate', 'shop_score_service', 'hour', 'day', 'check_min_difference_ahead', 'check_item_brand_id_ratio', 'user_id_query_min_map', 'item_brand_id_shop_cnt', 'user_id_query_day', 'user_occupation_id']
12  len_item_category  0:
0.078637	['user_id_query_day_item_id', 'check_ratio_day_all', 'item_category_list', 'item_price_level', 'item_sales_level', 'item_collected_level', 'user_gender_id', 'user_age_level', 'user_star_level', 'context_page_id', 'shop_review_positive_rate', 'shop_score_service', 'hour', 'day', 'check_min_difference_ahead', 'check_item_brand_id_ratio', 'user_id_query_min_map', 'item_brand_id_shop_cnt', 'user_id_query_day', 'len_item_category']
13  len_item_property  0:
0.078554	['user_id_query_day_item_id', 'check_ratio_day_all', 'item_category_list', 'item_price_level', 'item_sales_level', 'item_collected_level', 'user_gender_id', 'user_age_level', 'user_star_level', 'context_page_id', 'shop_review_positive_rate', 'shop_score_service', 'hour', 'day', 'check_min_difference_ahead', 'check_item_brand_id_ratio', 'user_id_query_min_map', 'item_brand_id_shop_cnt', 'user_id_query_day', 'len_item_property']
109  user_id_query_day_hour_item_sales_level  0:
0.078544	['user_id_query_day_item_id', 'check_ratio_day_all', 'item_category_list', 'item_price_level', 'item_sales_level', 'item_collected_level', 'user_gender_id', 'user_age_level', 'user_star_level', 'context_page_id', 'shop_review_positive_rate', 'shop_score_service', 'hour', 'day', 'check_min_difference_ahead', 'check_item_brand_id_ratio', 'user_id_query_min_map', 'item_brand_id_shop_cnt', 'user_id_query_day', 'user_id_query_day_hour_item_sales_level']
183  user_id_item_id_tradexd  0:
0.078513	['user_id_query_day_item_id', 'check_ratio_day_all', 'item_category_list', 'item_price_level', 'item_sales_level', 'item_collected_level', 'user_gender_id', 'user_age_level', 'user_star_level', 'context_page_id', 'shop_review_positive_rate', 'shop_score_service', 'hour', 'day', 'check_min_difference_ahead', 'check_item_brand_id_ratio', 'user_id_query_min_map', 'item_brand_id_shop_cnt', 'user_id_query_day', 'user_id_item_id_tradexd']
186  user_id_item_category_list_trade_meanxd  0:
0.078499	['user_id_query_day_item_id', 'check_ratio_day_all', 'item_category_list', 'item_price_level', 'item_sales_level', 'item_collected_level', 'user_gender_id', 'user_age_level', 'user_star_level', 'context_page_id', 'shop_review_positive_rate', 'shop_score_service', 'hour', 'day', 'check_min_difference_ahead', 'check_item_brand_id_ratio', 'user_id_query_min_map', 'item_brand_id_shop_cnt', 'user_id_query_day', 'user_id_item_category_list_trade_meanxd']
224  user_gender_id_item_id_trade_meanxd  0:
0.078466	['user_id_query_day_item_id', 'check_ratio_day_all', 'item_category_list', 'item_price_level', 'item_sales_level', 'item_collected_level', 'user_gender_id', 'user_age_level', 'user_star_level', 'context_page_id', 'shop_review_positive_rate', 'shop_score_service', 'hour', 'day', 'check_min_difference_ahead', 'check_item_brand_id_ratio', 'user_id_query_min_map', 'item_brand_id_shop_cnt', 'user_id_query_day', 'user_gender_id_item_id_trade_meanxd']
0  baseline  0:
0.078466	['user_id_query_day_item_id', 'check_ratio_day_all', 'item_category_list', 'item_price_level', 'item_sales_level', 'item_collected_level', 'user_gender_id', 'user_age_level', 'user_star_level', 'context_page_id', 'shop_review_positive_rate', 'shop_score_service', 'hour', 'day', 'check_min_difference_ahead', 'check_item_brand_id_ratio', 'user_id_query_min_map', 'item_brand_id_shop_cnt', 'user_id_query_day', 'user_gender_id_item_id_trade_meanxd']
101  user_id_query_day_hour_item_pv_level  0:
0.078451	['user_id_query_day_item_id', 'check_ratio_day_all', 'item_category_list', 'item_price_level', 'item_sales_level', 'item_collected_level', 'user_gender_id', 'user_age_level', 'user_star_level', 'context_page_id', 'shop_review_positive_rate', 'shop_score_service', 'hour', 'day', 'check_min_difference_ahead', 'check_item_brand_id_ratio', 'user_id_query_min_map', 'item_brand_id_shop_cnt', 'user_id_query_day', 'user_gender_id_item_id_trade_meanxd', 'user_id_query_day_hour_item_pv_level']
0  baseline  0:
0.078451	['user_id_query_day_item_id', 'check_ratio_day_all', 'item_category_list', 'item_price_level', 'item_sales_level', 'item_collected_level', 'user_gender_id', 'user_age_level', 'user_star_level', 'context_page_id', 'shop_review_positive_rate', 'shop_score_service', 'hour', 'day', 'check_min_difference_ahead', 'check_item_brand_id_ratio', 'user_id_query_min_map', 'item_brand_id_shop_cnt', 'user_id_query_day', 'user_gender_id_item_id_trade_meanxd', 'user_id_query_day_hour_item_pv_level']
26  item_city_id_shop_cnt  0:
0.07845	['user_id_query_day_item_id', 'check_ratio_day_all', 'item_category_list', 'item_price_level', 'item_sales_level', 'item_collected_level', 'user_gender_id', 'user_age_level', 'user_star_level', 'context_page_id', 'shop_review_positive_rate', 'shop_score_service', 'hour', 'day', 'check_min_difference_ahead', 'check_item_brand_id_ratio', 'user_id_query_min_map', 'item_brand_id_shop_cnt', 'user_id_query_day', 'user_gender_id_item_id_trade_meanxd', 'user_id_query_day_hour_item_pv_level', 'item_city_id_shop_cnt']
31  user_id_shop_cnt  0:
0.07841	['user_id_query_day_item_id', 'check_ratio_day_all', 'item_category_list', 'item_price_level', 'item_sales_level', 'item_collected_level', 'user_gender_id', 'user_age_level', 'user_star_level', 'context_page_id', 'shop_review_positive_rate', 'shop_score_service', 'hour', 'day', 'check_min_difference_ahead', 'check_item_brand_id_ratio', 'user_id_query_min_map', 'item_brand_id_shop_cnt', 'user_id_query_day', 'user_gender_id_item_id_trade_meanxd', 'user_id_query_day_hour_item_pv_level', 'user_id_shop_cnt']
0  baseline  0:
0.07841	['user_id_shop_cnt', 'user_id_query_day_item_id', 'check_ratio_day_all', 'item_category_list', 'item_price_level', 'item_sales_level', 'item_collected_level', 'user_gender_id', 'user_age_level', 'user_star_level', 'context_page_id', 'shop_review_positive_rate', 'shop_score_service', 'hour', 'day', 'check_min_difference_ahead', 'check_item_brand_id_ratio', 'user_id_query_min_map', 'item_brand_id_shop_cnt', 'user_id_query_day', 'user_gender_id_item_id_trade_meanxd', 'user_id_query_day_hour_item_pv_level']
6  shop_review_num_level  0:
0.078409	['user_id_shop_cnt', 'user_id_query_day_item_id', 'check_ratio_day_all', 'item_category_list', 'item_price_level', 'item_sales_level', 'item_collected_level', 'user_gender_id', 'user_age_level', 'user_star_level', 'context_page_id', 'shop_review_positive_rate', 'shop_score_service', 'hour', 'day', 'check_min_difference_ahead', 'check_item_brand_id_ratio', 'user_id_query_min_map', 'item_brand_id_shop_cnt', 'user_id_query_day', 'user_gender_id_item_id_trade_meanxd', 'user_id_query_day_hour_item_pv_level', 'shop_review_num_level']
0  baseline  0:
0.07841	['user_id_shop_cnt', 'user_id_query_day_item_id', 'check_ratio_day_all', 'item_category_list', 'item_price_level', 'item_sales_level', 'item_collected_level', 'user_gender_id', 'user_age_level', 'user_star_level', 'context_page_id', 'shop_review_positive_rate', 'shop_score_service', 'hour', 'day', 'check_min_difference_ahead', 'check_item_brand_id_ratio', 'user_id_query_min_map', 'item_brand_id_shop_cnt', 'user_id_query_day', 'user_gender_id_item_id_trade_meanxd', 'user_id_query_day_hour_item_pv_level']
10  len_predict_category_property  0:
0.07839	['user_id_shop_cnt', 'user_id_query_day_item_id', 'check_ratio_day_all', 'item_category_list', 'item_price_level', 'item_sales_level', 'item_collected_level', 'user_gender_id', 'user_age_level', 'user_star_level', 'context_page_id', 'shop_review_positive_rate', 'shop_score_service', 'hour', 'day', 'check_min_difference_ahead', 'check_item_brand_id_ratio', 'user_id_query_min_map', 'item_brand_id_shop_cnt', 'user_id_query_day', 'user_gender_id_item_id_trade_meanxd', 'user_id_query_day_hour_item_pv_level', 'len_predict_category_property']
11  predict_category_property0  0:
0.078389	['user_id_shop_cnt', 'user_id_query_day_item_id', 'check_ratio_day_all', 'item_category_list', 'item_price_level', 'item_sales_level', 'item_collected_level', 'user_gender_id', 'user_age_level', 'user_star_level', 'context_page_id', 'shop_review_positive_rate', 'shop_score_service', 'hour', 'day', 'check_min_difference_ahead', 'check_item_brand_id_ratio', 'user_id_query_min_map', 'item_brand_id_shop_cnt', 'user_id_query_day', 'user_gender_id_item_id_trade_meanxd', 'user_id_query_day_hour_item_pv_level', 'predict_category_property0']
45  item_property_list0_cntxh  0:
0.078347	['user_id_shop_cnt', 'user_id_query_day_item_id', 'check_ratio_day_all', 'item_category_list', 'item_price_level', 'item_sales_level', 'item_collected_level', 'user_gender_id', 'user_age_level', 'user_star_level', 'context_page_id', 'shop_review_positive_rate', 'shop_score_service', 'hour', 'day', 'check_min_difference_ahead', 'check_item_brand_id_ratio', 'user_id_query_min_map', 'item_brand_id_shop_cnt', 'user_id_query_day', 'user_gender_id_item_id_trade_meanxd', 'user_id_query_day_hour_item_pv_level', 'item_property_list0_cntxh']
160  item_sales_level_city_cnt  0:
0.078347	['user_id_shop_cnt', 'user_id_query_day_item_id', 'check_ratio_day_all', 'item_category_list', 'item_price_level', 'item_sales_level', 'item_collected_level', 'user_gender_id', 'user_age_level', 'user_star_level', 'context_page_id', 'shop_review_positive_rate', 'shop_score_service', 'hour', 'day', 'check_min_difference_ahead', 'check_item_brand_id_ratio', 'user_id_query_min_map', 'item_brand_id_shop_cnt', 'user_id_query_day', 'user_gender_id_item_id_trade_meanxd', 'user_id_query_day_hour_item_pv_level', 'item_sales_level_city_cnt']
reverse  user_gender_id  0:
0.078322	['user_id_shop_cnt', 'user_id_query_day_item_id', 'check_ratio_day_all', 'item_category_list', 'item_price_level', 'item_sales_level', 'item_collected_level', 'user_age_level', 'user_star_level', 'context_page_id', 'shop_review_positive_rate', 'shop_score_service', 'hour', 'day', 'check_min_difference_ahead', 'check_item_brand_id_ratio', 'user_id_query_min_map', 'item_brand_id_shop_cnt', 'user_id_query_day', 'user_gender_id_item_id_trade_meanxd', 'user_id_query_day_hour_item_pv_level', 'item_sales_level_city_cnt']
reverse  user_id_query_day_hour_item_pv_level  0:
0.07832	['user_id_shop_cnt', 'user_id_query_day_item_id', 'check_ratio_day_all', 'item_category_list', 'item_price_level', 'item_sales_level', 'item_collected_level', 'user_age_level', 'user_star_level', 'context_page_id', 'shop_review_positive_rate', 'shop_score_service', 'hour', 'day', 'check_min_difference_ahead', 'check_item_brand_id_ratio', 'user_id_query_min_map', 'item_brand_id_shop_cnt', 'user_id_query_day', 'user_gender_id_item_id_trade_meanxd', 'item_sales_level_city_cnt']
48  user_id_trade_meanxd  0:
0.078302	['user_id_shop_cnt', 'user_id_query_day_item_id', 'check_ratio_day_all', 'item_category_list', 'item_price_level', 'item_sales_level', 'item_collected_level', 'user_age_level', 'user_star_level', 'context_page_id', 'shop_review_positive_rate', 'shop_score_service', 'hour', 'day', 'check_min_difference_ahead', 'check_item_brand_id_ratio', 'user_id_query_min_map', 'item_brand_id_shop_cnt', 'user_id_query_day', 'user_gender_id_item_id_trade_meanxd', 'item_sales_level_city_cnt', 'user_id_trade_meanxd']
52  user_id_item_category_list_trade_meanxd  0:
0.078291	['user_id_shop_cnt', 'user_id_query_day_item_id', 'check_ratio_day_all', 'item_category_list', 'item_price_level', 'item_sales_level', 'item_collected_level', 'user_age_level', 'user_star_level', 'context_page_id', 'shop_review_positive_rate', 'shop_score_service', 'hour', 'day', 'check_min_difference_ahead', 'check_item_brand_id_ratio', 'user_id_query_min_map', 'item_brand_id_shop_cnt', 'user_id_query_day', 'user_gender_id_item_id_trade_meanxd', 'item_sales_level_city_cnt', 'user_id_item_category_list_trade_meanxd']

<class 'type'>
%------------------------------------------------------------%
0  baseline  0:
0.078291	['user_id_shop_cnt', 'user_id_query_day_item_id', 'check_ratio_day_all', 'item_category_list', 'item_price_level', 'item_sales_level', 'item_collected_level', 'user_age_level', 'user_star_level', 'context_page_id', 'shop_review_positive_rate', 'shop_score_service', 'hour', 'day', 'check_min_difference_ahead', 'check_item_brand_id_ratio', 'user_id_query_min_map', 'item_brand_id_shop_cnt', 'user_id_query_day', 'user_gender_id_item_id_trade_meanxd', 'item_sales_level_city_cnt', 'user_id_item_category_list_trade_meanxd']
15  gender0  0:
0.078251	['user_id_shop_cnt', 'user_id_query_day_item_id', 'check_ratio_day_all', 'item_category_list', 'item_price_level', 'item_sales_level', 'item_collected_level', 'user_age_level', 'user_star_level', 'context_page_id', 'shop_review_positive_rate', 'shop_score_service', 'hour', 'day', 'check_min_difference_ahead', 'check_item_brand_id_ratio', 'user_id_query_min_map', 'item_brand_id_shop_cnt', 'user_id_query_day', 'user_gender_id_item_id_trade_meanxd', 'item_sales_level_city_cnt', 'user_id_item_category_list_trade_meanxd', 'gender0']
56  item_brand_id_query_day_hour  0:
0.078218	['user_id_shop_cnt', 'user_id_query_day_item_id', 'check_ratio_day_all', 'item_category_list', 'item_price_level', 'item_sales_level', 'item_collected_level', 'user_age_level', 'user_star_level', 'context_page_id', 'shop_review_positive_rate', 'shop_score_service', 'hour', 'day', 'check_min_difference_ahead', 'check_item_brand_id_ratio', 'user_id_query_min_map', 'item_brand_id_shop_cnt', 'user_id_query_day', 'user_gender_id_item_id_trade_meanxd', 'item_sales_level_city_cnt', 'user_id_item_category_list_trade_meanxd', 'item_brand_id_query_day_hour']
0  baseline  0:
0.078291	['user_id_shop_cnt', 'user_id_query_day_item_id', 'check_ratio_day_all', 'item_category_list', 'item_price_level', 'item_sales_level', 'item_collected_level', 'user_age_level', 'user_star_level', 'context_page_id', 'shop_review_positive_rate', 'shop_score_service', 'hour', 'day', 'check_min_difference_ahead', 'check_item_brand_id_ratio', 'user_id_query_min_map', 'item_brand_id_shop_cnt', 'user_id_query_day', 'user_gender_id_item_id_trade_meanxd', 'item_sales_level_city_cnt', 'user_id_item_category_list_trade_meanxd']
4  check_context_page_id_time_day_hour_map  0:
0.078273	['user_id_shop_cnt', 'user_id_query_day_item_id', 'check_ratio_day_all', 'item_category_list', 'item_price_level', 'item_sales_level', 'item_collected_level', 'user_age_level', 'user_star_level', 'context_page_id', 'shop_review_positive_rate', 'shop_score_service', 'hour', 'day', 'check_min_difference_ahead', 'check_item_brand_id_ratio', 'user_id_query_min_map', 'item_brand_id_shop_cnt', 'user_id_query_day', 'user_gender_id_item_id_trade_meanxd', 'item_sales_level_city_cnt', 'user_id_item_category_list_trade_meanxd', 'check_context_page_id_time_day_hour_map']
11  predict_category_property0  0:
0.078191	['user_id_shop_cnt', 'user_id_query_day_item_id', 'check_ratio_day_all', 'item_category_list', 'item_price_level', 'item_sales_level', 'item_collected_level', 'user_age_level', 'user_star_level', 'context_page_id', 'shop_review_positive_rate', 'shop_score_service', 'hour', 'day', 'check_min_difference_ahead', 'check_item_brand_id_ratio', 'user_id_query_min_map', 'item_brand_id_shop_cnt', 'user_id_query_day', 'user_gender_id_item_id_trade_meanxd', 'item_sales_level_city_cnt', 'user_id_item_category_list_trade_meanxd', 'predict_category_property0']

<class 'type'>
%------------------------------------------------------------%
0  baseline  0:
0.078191	['user_id_shop_cnt', 'user_id_query_day_item_id', 'check_ratio_day_all', 'item_category_list', 'item_price_level', 'item_sales_level', 'item_collected_level', 'user_age_level', 'user_star_level', 'context_page_id', 'shop_review_positive_rate', 'shop_score_service', 'hour', 'day', 'check_min_difference_ahead', 'check_item_brand_id_ratio', 'user_id_query_min_map', 'item_brand_id_shop_cnt', 'user_id_query_day', 'user_gender_id_item_id_trade_meanxd', 'item_sales_level_city_cnt', 'user_id_item_category_list_trade_meanxd', 'predict_category_property0']
0  baseline  0:
0.078191	['user_id_shop_cnt', 'user_id_query_day_item_id', 'check_ratio_day_all', 'item_category_list', 'item_price_level', 'item_sales_level', 'item_collected_level', 'user_age_level', 'user_star_level', 'context_page_id', 'shop_review_positive_rate', 'shop_score_service', 'hour', 'day', 'check_min_difference_ahead', 'check_item_brand_id_ratio', 'user_id_query_min_map', 'item_brand_id_shop_cnt', 'user_id_query_day', 'user_gender_id_item_id_trade_meanxd', 'item_sales_level_city_cnt', 'user_id_item_category_list_trade_meanxd', 'predict_category_property0']
68  check_item_category_list_ratio  0:
0.078188	['user_id_shop_cnt', 'user_id_query_day_item_id', 'check_ratio_day_all', 'item_category_list', 'item_price_level', 'item_sales_level', 'item_collected_level', 'user_age_level', 'user_star_level', 'context_page_id', 'shop_review_positive_rate', 'shop_score_service', 'hour', 'day', 'check_min_difference_ahead', 'check_item_brand_id_ratio', 'user_id_query_min_map', 'item_brand_id_shop_cnt', 'user_id_query_day', 'user_gender_id_item_id_trade_meanxd', 'item_sales_level_city_cnt', 'user_id_item_category_list_trade_meanxd', 'predict_category_property0', 'check_item_category_list_ratio']
207  user_gender_id_item_city_id_tradexd  0:
0.078179	['user_id_shop_cnt', 'user_id_query_day_item_id', 'check_ratio_day_all', 'item_category_list', 'item_price_level', 'item_sales_level', 'item_collected_level', 'user_age_level', 'user_star_level', 'context_page_id', 'shop_review_positive_rate', 'shop_score_service', 'hour', 'day', 'check_min_difference_ahead', 'check_item_brand_id_ratio', 'user_id_query_min_map', 'item_brand_id_shop_cnt', 'user_id_query_day', 'user_gender_id_item_id_trade_meanxd', 'item_sales_level_city_cnt', 'user_id_item_category_list_trade_meanxd', 'predict_category_property0', 'user_gender_id_item_city_id_tradexd']

<class 'type'>
%------------------------------------------------------------%
0  baseline  0:
0.078181	['user_gender_id_item_city_id_tradexd', 'user_id_shop_cnt', 'user_id_query_day_item_id', 'check_ratio_day_all', 'item_category_list', 'item_price_level', 'item_sales_level', 'item_collected_level', 'user_age_level', 'user_star_level', 'context_page_id', 'shop_review_positive_rate', 'shop_score_service', 'hour', 'day', 'check_min_difference_ahead', 'check_item_brand_id_ratio', 'user_id_query_min_map', 'item_brand_id_shop_cnt', 'user_id_query_day', 'user_gender_id_item_id_trade_meanxd', 'item_sales_level_city_cnt', 'user_id_item_category_list_trade_meanxd', 'predict_category_property0']

<class 'type'>
%------------------------------------------------------------%
0  baseline  0:
0.078179	['user_id_shop_cnt', 'user_id_query_day_item_id', 'check_ratio_day_all', 'item_category_list', 'item_price_level', 'item_sales_level', 'item_collected_level', 'user_age_level', 'user_star_level', 'context_page_id', 'shop_review_positive_rate', 'shop_score_service', 'hour', 'day', 'check_min_difference_ahead', 'check_item_brand_id_ratio', 'user_id_query_min_map', 'item_brand_id_shop_cnt', 'user_id_query_day', 'user_gender_id_item_id_trade_meanxd', 'item_sales_level_city_cnt', 'user_id_item_category_list_trade_meanxd', 'predict_category_property0', 'user_gender_id_item_city_id_tradexd']
0  baseline  0:
0.078179	['user_id_shop_cnt', 'user_id_query_day_item_id', 'check_ratio_day_all', 'item_category_list', 'item_price_level', 'item_sales_level', 'item_collected_level', 'user_age_level', 'user_star_level', 'context_page_id', 'shop_review_positive_rate', 'shop_score_service', 'hour', 'day', 'check_min_difference_ahead', 'check_item_brand_id_ratio', 'user_id_query_min_map', 'item_brand_id_shop_cnt', 'user_id_query_day', 'user_gender_id_item_id_trade_meanxd', 'item_sales_level_city_cnt', 'user_id_item_category_list_trade_meanxd', 'predict_category_property0', 'user_gender_id_item_city_id_tradexd']
16  item_category_list2  0:
0.078166	['user_id_shop_cnt', 'user_id_query_day_item_id', 'check_ratio_day_all', 'item_category_list', 'item_price_level', 'item_sales_level', 'item_collected_level', 'user_age_level', 'user_star_level', 'context_page_id', 'shop_review_positive_rate', 'shop_score_service', 'hour', 'day', 'check_min_difference_ahead', 'check_item_brand_id_ratio', 'user_id_query_min_map', 'item_brand_id_shop_cnt', 'user_id_query_day', 'user_gender_id_item_id_trade_meanxd', 'item_sales_level_city_cnt', 'user_id_item_category_list_trade_meanxd', 'predict_category_property0', 'user_gender_id_item_city_id_tradexd', 'item_category_list2']
110  user_id_query_day_hour_item_sales_level  0:
0.078158	['user_id_shop_cnt', 'user_id_query_day_item_id', 'check_ratio_day_all', 'item_category_list', 'item_price_level', 'item_sales_level', 'item_collected_level', 'user_age_level', 'user_star_level', 'context_page_id', 'shop_review_positive_rate', 'shop_score_service', 'hour', 'day', 'check_min_difference_ahead', 'check_item_brand_id_ratio', 'user_id_query_min_map', 'item_brand_id_shop_cnt', 'user_id_query_day', 'user_gender_id_item_id_trade_meanxd', 'item_sales_level_city_cnt', 'user_id_item_category_list_trade_meanxd', 'predict_category_property0', 'user_gender_id_item_city_id_tradexd', 'user_id_query_day_hour_item_sales_level']
319  user_occupation_id_user_cnt  0:
0.078147	['user_id_shop_cnt', 'user_id_query_day_item_id', 'check_ratio_day_all', 'item_category_list', 'item_price_level', 'item_sales_level', 'item_collected_level', 'user_age_level', 'user_star_level', 'context_page_id', 'shop_review_positive_rate', 'shop_score_service', 'hour', 'day', 'check_min_difference_ahead', 'check_item_brand_id_ratio', 'user_id_query_min_map', 'item_brand_id_shop_cnt', 'user_id_query_day', 'user_gender_id_item_id_trade_meanxd', 'item_sales_level_city_cnt', 'user_id_item_category_list_trade_meanxd', 'predict_category_property0', 'user_gender_id_item_city_id_tradexd', 'user_occupation_id_user_cnt']
16  item_category_list2  0:
0.078145	['user_id_shop_cnt', 'user_id_query_day_item_id', 'check_ratio_day_all', 'item_category_list', 'item_price_level', 'item_sales_level', 'item_collected_level', 'user_age_level', 'user_star_level', 'context_page_id', 'shop_review_positive_rate', 'shop_score_service', 'hour', 'day', 'check_min_difference_ahead', 'check_item_brand_id_ratio', 'user_id_query_min_map', 'item_brand_id_shop_cnt', 'user_id_query_day', 'user_gender_id_item_id_trade_meanxd', 'item_sales_level_city_cnt', 'user_id_item_category_list_trade_meanxd', 'predict_category_property0', 'user_gender_id_item_city_id_tradexd', 'user_occupation_id_user_cnt', 'item_category_list2']
27  gender0  0:
0.078135	['user_id_shop_cnt', 'user_id_query_day_item_id', 'check_ratio_day_all', 'item_category_list', 'item_price_level', 'item_sales_level', 'item_collected_level', 'user_age_level', 'user_star_level', 'context_page_id', 'shop_review_positive_rate', 'shop_score_service', 'hour', 'day', 'check_min_difference_ahead', 'check_item_brand_id_ratio', 'user_id_query_min_map', 'item_brand_id_shop_cnt', 'user_id_query_day', 'user_gender_id_item_id_trade_meanxd', 'item_sales_level_city_cnt', 'user_id_item_category_list_trade_meanxd', 'predict_category_property0', 'user_gender_id_item_city_id_tradexd', 'user_occupation_id_user_cnt', 'gender0']
116  check_item_sales_level_ratio_hour_map  0:
0.078107	['user_id_shop_cnt', 'user_id_query_day_item_id', 'check_ratio_day_all', 'item_category_list', 'item_price_level', 'item_sales_level', 'item_collected_level', 'user_age_level', 'user_star_level', 'context_page_id', 'shop_review_positive_rate', 'shop_score_service', 'hour', 'day', 'check_min_difference_ahead', 'check_item_brand_id_ratio', 'user_id_query_min_map', 'item_brand_id_shop_cnt', 'user_id_query_day', 'user_gender_id_item_id_trade_meanxd', 'item_sales_level_city_cnt', 'user_id_item_category_list_trade_meanxd', 'predict_category_property0', 'user_gender_id_item_city_id_tradexd', 'user_occupation_id_user_cnt', 'check_item_sales_level_ratio_hour_map']

<class 'type'>
%------------------------------------------------------------%
0  baseline  0:
0.078107	['user_id_shop_cnt', 'user_id_query_day_item_id', 'check_ratio_day_all', 'item_category_list', 'item_price_level', 'item_sales_level', 'item_collected_level', 'user_age_level', 'user_star_level', 'context_page_id', 'shop_review_positive_rate', 'shop_score_service', 'hour', 'day', 'check_min_difference_ahead', 'check_item_brand_id_ratio', 'user_id_query_min_map', 'item_brand_id_shop_cnt', 'user_id_query_day', 'user_gender_id_item_id_trade_meanxd', 'item_sales_level_city_cnt', 'user_id_item_category_list_trade_meanxd', 'predict_category_property0', 'user_gender_id_item_city_id_tradexd', 'user_occupation_id_user_cnt', 'check_item_sales_level_ratio_hour_map']
4  item_category_list2  0:
0.078105	['user_id_shop_cnt', 'user_id_query_day_item_id', 'check_ratio_day_all', 'item_category_list', 'item_price_level', 'item_sales_level', 'item_collected_level', 'user_age_level', 'user_star_level', 'context_page_id', 'shop_review_positive_rate', 'shop_score_service', 'hour', 'day', 'check_min_difference_ahead', 'check_item_brand_id_ratio', 'user_id_query_min_map', 'item_brand_id_shop_cnt', 'user_id_query_day', 'user_gender_id_item_id_trade_meanxd', 'item_sales_level_city_cnt', 'user_id_item_category_list_trade_meanxd', 'predict_category_property0', 'user_gender_id_item_city_id_tradexd', 'user_occupation_id_user_cnt', 'check_item_sales_level_ratio_hour_map', 'item_category_list2']

<class 'type'>
%------------------------------------------------------------%
0  baseline  0:
0.078107	['user_id_shop_cnt', 'user_id_query_day_item_id', 'check_ratio_day_all', 'item_category_list', 'item_price_level', 'item_sales_level', 'item_collected_level', 'user_age_level', 'user_star_level', 'context_page_id', 'shop_review_positive_rate', 'shop_score_service', 'hour', 'day', 'check_min_difference_ahead', 'check_item_brand_id_ratio', 'user_id_query_min_map', 'item_brand_id_shop_cnt', 'user_id_query_day', 'user_gender_id_item_id_trade_meanxd', 'item_sales_level_city_cnt', 'user_id_item_category_list_trade_meanxd', 'predict_category_property0', 'user_gender_id_item_city_id_tradexd', 'user_occupation_id_user_cnt', 'check_item_sales_level_ratio_hour_map']
cross term  user_id_shop_cnt+user_id_item_category_list_trade_meanxd  0:
0.078089	['user_id_shop_cnt', 'user_id_query_day_item_id', 'check_ratio_day_all', 'item_category_list', 'item_price_level', 'item_sales_level', 'item_collected_level', 'user_age_level', 'user_star_level', 'context_page_id', 'shop_review_positive_rate', 'shop_score_service', 'hour', 'day', 'check_min_difference_ahead', 'check_item_brand_id_ratio', 'user_id_query_min_map', 'item_brand_id_shop_cnt', 'user_id_query_day', 'user_gender_id_item_id_trade_meanxd', 'item_sales_level_city_cnt', 'user_id_item_category_list_trade_meanxd', 'predict_category_property0', 'user_gender_id_item_city_id_tradexd', 'user_occupation_id_user_cnt', 'check_item_sales_level_ratio_hour_map', 'user_id_shop_cnt+user_id_item_category_list_trade_meanxd']
0  baseline  0:
0.078107	['user_id_shop_cnt', 'user_id_query_day_item_id', 'check_ratio_day_all', 'item_category_list', 'item_price_level', 'item_sales_level', 'item_collected_level', 'user_age_level', 'user_star_level', 'context_page_id', 'shop_review_positive_rate', 'shop_score_service', 'hour', 'day', 'check_min_difference_ahead', 'check_item_brand_id_ratio', 'user_id_query_min_map', 'item_brand_id_shop_cnt', 'user_id_query_day', 'user_gender_id_item_id_trade_meanxd', 'item_sales_level_city_cnt', 'user_id_item_category_list_trade_meanxd', 'predict_category_property0', 'user_gender_id_item_city_id_tradexd', 'user_occupation_id_user_cnt', 'check_item_sales_level_ratio_hour_map']
cross term  user_id_shop_cnt+user_id_item_category_list_trade_meanxd  0:
0.078089	['user_id_shop_cnt', 'user_id_query_day_item_id', 'check_ratio_day_all', 'item_category_list', 'item_price_level', 'item_sales_level', 'item_collected_level', 'user_age_level', 'user_star_level', 'context_page_id', 'shop_review_positive_rate', 'shop_score_service', 'hour', 'day', 'check_min_difference_ahead', 'check_item_brand_id_ratio', 'user_id_query_min_map', 'item_brand_id_shop_cnt', 'user_id_query_day', 'user_gender_id_item_id_trade_meanxd', 'item_sales_level_city_cnt', 'user_id_item_category_list_trade_meanxd', 'predict_category_property0', 'user_gender_id_item_city_id_tradexd', 'user_occupation_id_user_cnt', 'check_item_sales_level_ratio_hour_map', 'user_id_shop_cnt+user_id_item_category_list_trade_meanxd']

<class 'type'>
%------------------------------------------------------------%
0  baseline  0:
0.078107	['user_id_shop_cnt', 'user_id_query_day_item_id', 'check_ratio_day_all', 'item_category_list', 'item_price_level', 'item_sales_level', 'item_collected_level', 'user_age_level', 'user_star_level', 'context_page_id', 'shop_review_positive_rate', 'shop_score_service', 'hour', 'day', 'check_min_difference_ahead', 'check_item_brand_id_ratio', 'user_id_query_min_map', 'item_brand_id_shop_cnt', 'user_id_query_day', 'user_gender_id_item_id_trade_meanxd', 'item_sales_level_city_cnt', 'user_id_item_category_list_trade_meanxd', 'predict_category_property0', 'user_gender_id_item_city_id_tradexd', 'user_occupation_id_user_cnt', 'check_item_sales_level_ratio_hour_map']
0  baseline  0:
0.078107	['user_id_shop_cnt', 'user_id_query_day_item_id', 'check_ratio_day_all', 'item_category_list', 'item_price_level', 'item_sales_level', 'item_collected_level', 'user_age_level', 'user_star_level', 'context_page_id', 'shop_review_positive_rate', 'shop_score_service', 'hour', 'day', 'check_min_difference_ahead', 'check_item_brand_id_ratio', 'user_id_query_min_map', 'item_brand_id_shop_cnt', 'user_id_query_day', 'user_gender_id_item_id_trade_meanxd', 'item_sales_level_city_cnt', 'user_id_item_category_list_trade_meanxd', 'predict_category_property0', 'user_gender_id_item_city_id_tradexd', 'user_occupation_id_user_cnt', 'check_item_sales_level_ratio_hour_map']
16  item_category_list2  0:
0.078105	['user_id_shop_cnt', 'user_id_query_day_item_id', 'check_ratio_day_all', 'item_category_list', 'item_price_level', 'item_sales_level', 'item_collected_level', 'user_age_level', 'user_star_level', 'context_page_id', 'shop_review_positive_rate', 'shop_score_service', 'hour', 'day', 'check_min_difference_ahead', 'check_item_brand_id_ratio', 'user_id_query_min_map', 'item_brand_id_shop_cnt', 'user_id_query_day', 'user_gender_id_item_id_trade_meanxd', 'item_sales_level_city_cnt', 'user_id_item_category_list_trade_meanxd', 'predict_category_property0', 'user_gender_id_item_city_id_tradexd', 'user_occupation_id_user_cnt', 'check_item_sales_level_ratio_hour_map', 'item_category_list2']
270  item_price_level_item_prob  0:
0.078102	['user_id_shop_cnt', 'user_id_query_day_item_id', 'check_ratio_day_all', 'item_category_list', 'item_price_level', 'item_sales_level', 'item_collected_level', 'user_age_level', 'user_star_level', 'context_page_id', 'shop_review_positive_rate', 'shop_score_service', 'hour', 'day', 'check_min_difference_ahead', 'check_item_brand_id_ratio', 'user_id_query_min_map', 'item_brand_id_shop_cnt', 'user_id_query_day', 'user_gender_id_item_id_trade_meanxd', 'item_sales_level_city_cnt', 'user_id_item_category_list_trade_meanxd', 'predict_category_property0', 'user_gender_id_item_city_id_tradexd', 'user_occupation_id_user_cnt', 'check_item_sales_level_ratio_hour_map', 'item_price_level_item_prob']
311  user_id_coll_prob  0:
0.078086	['user_id_shop_cnt', 'user_id_query_day_item_id', 'check_ratio_day_all', 'item_category_list', 'item_price_level', 'item_sales_level', 'item_collected_level', 'user_age_level', 'user_star_level', 'context_page_id', 'shop_review_positive_rate', 'shop_score_service', 'hour', 'day', 'check_min_difference_ahead', 'check_item_brand_id_ratio', 'user_id_query_min_map', 'item_brand_id_shop_cnt', 'user_id_query_day', 'user_gender_id_item_id_trade_meanxd', 'item_sales_level_city_cnt', 'user_id_item_category_list_trade_meanxd', 'predict_category_property0', 'user_gender_id_item_city_id_tradexd', 'user_occupation_id_user_cnt', 'check_item_sales_level_ratio_hour_map', 'user_id_coll_prob']
0  baseline  0:
0.078086	['user_id_shop_cnt', 'user_id_query_day_item_id', 'check_ratio_day_all', 'item_category_list', 'item_price_level', 'item_sales_level', 'item_collected_level', 'user_age_level', 'user_star_level', 'context_page_id', 'shop_review_positive_rate', 'shop_score_service', 'hour', 'day', 'check_min_difference_ahead', 'check_item_brand_id_ratio', 'user_id_query_min_map', 'item_brand_id_shop_cnt', 'user_id_query_day', 'user_gender_id_item_id_trade_meanxd', 'item_sales_level_city_cnt', 'user_id_item_category_list_trade_meanxd', 'predict_category_property0', 'user_gender_id_item_city_id_tradexd', 'user_occupation_id_user_cnt', 'check_item_sales_level_ratio_hour_map', 'user_id_coll_prob']

<class 'type'>
%------------------------------------------------------------%
0  baseline  0:
0.078086	['user_id_shop_cnt', 'user_id_query_day_item_id', 'check_ratio_day_all', 'item_category_list', 'item_price_level', 'item_sales_level', 'item_collected_level', 'user_age_level', 'user_star_level', 'context_page_id', 'shop_review_positive_rate', 'shop_score_service', 'hour', 'day', 'check_min_difference_ahead', 'check_item_brand_id_ratio', 'user_id_query_min_map', 'item_brand_id_shop_cnt', 'user_id_query_day', 'user_gender_id_item_id_trade_meanxd', 'item_sales_level_city_cnt', 'user_id_item_category_list_trade_meanxd', 'predict_category_property0', 'user_gender_id_item_city_id_tradexd', 'user_occupation_id_user_cnt', 'check_item_sales_level_ratio_hour_map', 'user_id_coll_prob']
cross term  user_id_shop_cnt-check_item_brand_id_ratio  0:
0.078064	['user_id_shop_cnt', 'user_id_query_day_item_id', 'check_ratio_day_all', 'item_category_list', 'item_price_level', 'item_sales_level', 'item_collected_level', 'user_age_level', 'user_star_level', 'context_page_id', 'shop_review_positive_rate', 'shop_score_service', 'hour', 'day', 'check_min_difference_ahead', 'check_item_brand_id_ratio', 'user_id_query_min_map', 'item_brand_id_shop_cnt', 'user_id_query_day', 'user_gender_id_item_id_trade_meanxd', 'item_sales_level_city_cnt', 'user_id_item_category_list_trade_meanxd', 'predict_category_property0', 'user_gender_id_item_city_id_tradexd', 'user_occupation_id_user_cnt', 'check_item_sales_level_ratio_hour_map', 'user_id_coll_prob', 'user_id_shop_cnt-check_item_brand_id_ratio']
cross term  user_id_shop_cnt*day  0:
0.078057	['user_id_shop_cnt', 'user_id_query_day_item_id', 'check_ratio_day_all', 'item_category_list', 'item_price_level', 'item_sales_level', 'item_collected_level', 'user_age_level', 'user_star_level', 'context_page_id', 'shop_review_positive_rate', 'shop_score_service', 'hour', 'day', 'check_min_difference_ahead', 'check_item_brand_id_ratio', 'user_id_query_min_map', 'item_brand_id_shop_cnt', 'user_id_query_day', 'user_gender_id_item_id_trade_meanxd', 'item_sales_level_city_cnt', 'user_id_item_category_list_trade_meanxd', 'predict_category_property0', 'user_gender_id_item_city_id_tradexd', 'user_occupation_id_user_cnt', 'check_item_sales_level_ratio_hour_map', 'user_id_coll_prob', 'user_id_shop_cnt-check_item_brand_id_ratio', 'user_id_shop_cnt*day']
cross term  user_id_shop_cnt*shop_score_service  0:
0.078054	['user_id_shop_cnt', 'user_id_query_day_item_id', 'check_ratio_day_all', 'item_category_list', 'item_price_level', 'item_sales_level', 'item_collected_level', 'user_age_level', 'user_star_level', 'context_page_id', 'shop_review_positive_rate', 'shop_score_service', 'hour', 'day', 'check_min_difference_ahead', 'check_item_brand_id_ratio', 'user_id_query_min_map', 'item_brand_id_shop_cnt', 'user_id_query_day', 'user_gender_id_item_id_trade_meanxd', 'item_sales_level_city_cnt', 'user_id_item_category_list_trade_meanxd', 'predict_category_property0', 'user_gender_id_item_city_id_tradexd', 'user_occupation_id_user_cnt', 'check_item_sales_level_ratio_hour_map', 'user_id_coll_prob', 'user_id_shop_cnt-check_item_brand_id_ratio', 'user_id_shop_cnt*day', 'user_id_shop_cnt*shop_score_service']
cross term  user_id_shop_cnt+context_page_id  0:
0.078034	['user_id_shop_cnt', 'user_id_query_day_item_id', 'check_ratio_day_all', 'item_category_list', 'item_price_level', 'item_sales_level', 'item_collected_level', 'user_age_level', 'user_star_level', 'context_page_id', 'shop_review_positive_rate', 'shop_score_service', 'hour', 'day', 'check_min_difference_ahead', 'check_item_brand_id_ratio', 'user_id_query_min_map', 'item_brand_id_shop_cnt', 'user_id_query_day', 'user_gender_id_item_id_trade_meanxd', 'item_sales_level_city_cnt', 'user_id_item_category_list_trade_meanxd', 'predict_category_property0', 'user_gender_id_item_city_id_tradexd', 'user_occupation_id_user_cnt', 'check_item_sales_level_ratio_hour_map', 'user_id_coll_prob', 'user_id_shop_cnt-check_item_brand_id_ratio', 'user_id_shop_cnt*day', 'user_id_shop_cnt*shop_score_service', 'user_id_shop_cnt+context_page_id']
cross term  user_id_shop_cnt*item_price_level  0:
0.078003	['user_id_shop_cnt', 'user_id_query_day_item_id', 'check_ratio_day_all', 'item_category_list', 'item_price_level', 'item_sales_level', 'item_collected_level', 'user_age_level', 'user_star_level', 'context_page_id', 'shop_review_positive_rate', 'shop_score_service', 'hour', 'day', 'check_min_difference_ahead', 'check_item_brand_id_ratio', 'user_id_query_min_map', 'item_brand_id_shop_cnt', 'user_id_query_day', 'user_gender_id_item_id_trade_meanxd', 'item_sales_level_city_cnt', 'user_id_item_category_list_trade_meanxd', 'predict_category_property0', 'user_gender_id_item_city_id_tradexd', 'user_occupation_id_user_cnt', 'check_item_sales_level_ratio_hour_map', 'user_id_coll_prob', 'user_id_shop_cnt-check_item_brand_id_ratio', 'user_id_shop_cnt*day', 'user_id_shop_cnt*shop_score_service', 'user_id_shop_cnt+context_page_id', 'user_id_shop_cnt*item_price_level']
cross term  user_id_shop_cnt-user_id_shop_cnt  0:
0.078003	['user_id_shop_cnt', 'user_id_query_day_item_id', 'check_ratio_day_all', 'item_category_list', 'item_price_level', 'item_sales_level', 'item_collected_level', 'user_age_level', 'user_star_level', 'context_page_id', 'shop_review_positive_rate', 'shop_score_service', 'hour', 'day', 'check_min_difference_ahead', 'check_item_brand_id_ratio', 'user_id_query_min_map', 'item_brand_id_shop_cnt', 'user_id_query_day', 'user_gender_id_item_id_trade_meanxd', 'item_sales_level_city_cnt', 'user_id_item_category_list_trade_meanxd', 'predict_category_property0', 'user_gender_id_item_city_id_tradexd', 'user_occupation_id_user_cnt', 'check_item_sales_level_ratio_hour_map', 'user_id_coll_prob', 'user_id_shop_cnt-check_item_brand_id_ratio', 'user_id_shop_cnt*day', 'user_id_shop_cnt*shop_score_service', 'user_id_shop_cnt+context_page_id', 'user_id_shop_cnt*item_price_level', 'user_id_shop_cnt-user_id_shop_cnt']
cross term  user_id_query_day_item_id/item_collected_level  0:
0.077993	['user_id_shop_cnt', 'user_id_query_day_item_id', 'check_ratio_day_all', 'item_category_list', 'item_price_level', 'item_sales_level', 'item_collected_level', 'user_age_level', 'user_star_level', 'context_page_id', 'shop_review_positive_rate', 'shop_score_service', 'hour', 'day', 'check_min_difference_ahead', 'check_item_brand_id_ratio', 'user_id_query_min_map', 'item_brand_id_shop_cnt', 'user_id_query_day', 'user_gender_id_item_id_trade_meanxd', 'item_sales_level_city_cnt', 'user_id_item_category_list_trade_meanxd', 'predict_category_property0', 'user_gender_id_item_city_id_tradexd', 'user_occupation_id_user_cnt', 'check_item_sales_level_ratio_hour_map', 'user_id_coll_prob', 'user_id_shop_cnt-check_item_brand_id_ratio', 'user_id_shop_cnt*day', 'user_id_shop_cnt*shop_score_service', 'user_id_shop_cnt+context_page_id', 'user_id_shop_cnt*item_price_level', 'user_id_shop_cnt-user_id_shop_cnt', 'user_id_query_day_item_id/item_collected_level']
cross term  user_id_query_day_item_id/check_ratio_day_all  0:
0.077986	['user_id_shop_cnt', 'user_id_query_day_item_id', 'check_ratio_day_all', 'item_category_list', 'item_price_level', 'item_sales_level', 'item_collected_level', 'user_age_level', 'user_star_level', 'context_page_id', 'shop_review_positive_rate', 'shop_score_service', 'hour', 'day', 'check_min_difference_ahead', 'check_item_brand_id_ratio', 'user_id_query_min_map', 'item_brand_id_shop_cnt', 'user_id_query_day', 'user_gender_id_item_id_trade_meanxd', 'item_sales_level_city_cnt', 'user_id_item_category_list_trade_meanxd', 'predict_category_property0', 'user_gender_id_item_city_id_tradexd', 'user_occupation_id_user_cnt', 'check_item_sales_level_ratio_hour_map', 'user_id_coll_prob', 'user_id_shop_cnt-check_item_brand_id_ratio', 'user_id_shop_cnt*day', 'user_id_shop_cnt*shop_score_service', 'user_id_shop_cnt+context_page_id', 'user_id_shop_cnt*item_price_level', 'user_id_shop_cnt-user_id_shop_cnt', 'user_id_query_day_item_id/item_collected_level', 'user_id_query_day_item_id/check_ratio_day_all']
cross term  check_ratio_day_all-user_occupation_id_user_cnt  0:
0.077974	['user_id_shop_cnt', 'user_id_query_day_item_id', 'check_ratio_day_all', 'item_category_list', 'item_price_level', 'item_sales_level', 'item_collected_level', 'user_age_level', 'user_star_level', 'context_page_id', 'shop_review_positive_rate', 'shop_score_service', 'hour', 'day', 'check_min_difference_ahead', 'check_item_brand_id_ratio', 'user_id_query_min_map', 'item_brand_id_shop_cnt', 'user_id_query_day', 'user_gender_id_item_id_trade_meanxd', 'item_sales_level_city_cnt', 'user_id_item_category_list_trade_meanxd', 'predict_category_property0', 'user_gender_id_item_city_id_tradexd', 'user_occupation_id_user_cnt', 'check_item_sales_level_ratio_hour_map', 'user_id_coll_prob', 'user_id_shop_cnt-check_item_brand_id_ratio', 'user_id_shop_cnt*day', 'user_id_shop_cnt*shop_score_service', 'user_id_shop_cnt+context_page_id', 'user_id_shop_cnt*item_price_level', 'user_id_shop_cnt-user_id_shop_cnt', 'user_id_query_day_item_id/item_collected_level', 'user_id_query_day_item_id/check_ratio_day_all', 'check_ratio_day_all-user_occupation_id_user_cnt']
cross term  check_ratio_day_all+user_occupation_id_user_cnt  0:
0.077974	['user_id_shop_cnt', 'user_id_query_day_item_id', 'check_ratio_day_all', 'item_category_list', 'item_price_level', 'item_sales_level', 'item_collected_level', 'user_age_level', 'user_star_level', 'context_page_id', 'shop_review_positive_rate', 'shop_score_service', 'hour', 'day', 'check_min_difference_ahead', 'check_item_brand_id_ratio', 'user_id_query_min_map', 'item_brand_id_shop_cnt', 'user_id_query_day', 'user_gender_id_item_id_trade_meanxd', 'item_sales_level_city_cnt', 'user_id_item_category_list_trade_meanxd', 'predict_category_property0', 'user_gender_id_item_city_id_tradexd', 'user_occupation_id_user_cnt', 'check_item_sales_level_ratio_hour_map', 'user_id_coll_prob', 'user_id_shop_cnt-check_item_brand_id_ratio', 'user_id_shop_cnt*day', 'user_id_shop_cnt*shop_score_service', 'user_id_shop_cnt+context_page_id', 'user_id_shop_cnt*item_price_level', 'user_id_shop_cnt-user_id_shop_cnt', 'user_id_query_day_item_id/item_collected_level', 'user_id_query_day_item_id/check_ratio_day_all', 'check_ratio_day_all-user_occupation_id_user_cnt', 'check_ratio_day_all+user_occupation_id_user_cnt']
cross term  check_ratio_day_all-user_gender_id_item_city_id_tradexd  0:
0.077927	['user_id_shop_cnt', 'user_id_query_day_item_id', 'check_ratio_day_all', 'item_category_list', 'item_price_level', 'item_sales_level', 'item_collected_level', 'user_age_level', 'user_star_level', 'context_page_id', 'shop_review_positive_rate', 'shop_score_service', 'hour', 'day', 'check_min_difference_ahead', 'check_item_brand_id_ratio', 'user_id_query_min_map', 'item_brand_id_shop_cnt', 'user_id_query_day', 'user_gender_id_item_id_trade_meanxd', 'item_sales_level_city_cnt', 'user_id_item_category_list_trade_meanxd', 'predict_category_property0', 'user_gender_id_item_city_id_tradexd', 'user_occupation_id_user_cnt', 'check_item_sales_level_ratio_hour_map', 'user_id_coll_prob', 'user_id_shop_cnt-check_item_brand_id_ratio', 'user_id_shop_cnt*day', 'user_id_shop_cnt*shop_score_service', 'user_id_shop_cnt+context_page_id', 'user_id_shop_cnt*item_price_level', 'user_id_shop_cnt-user_id_shop_cnt', 'user_id_query_day_item_id/item_collected_level', 'user_id_query_day_item_id/check_ratio_day_all', 'check_ratio_day_all-user_occupation_id_user_cnt', 'check_ratio_day_all+user_occupation_id_user_cnt', 'check_ratio_day_all-user_gender_id_item_city_id_tradexd']
cross term  check_ratio_day_all+user_id_query_day  0:
0.077925	['user_id_shop_cnt', 'user_id_query_day_item_id', 'check_ratio_day_all', 'item_category_list', 'item_price_level', 'item_sales_level', 'item_collected_level', 'user_age_level', 'user_star_level', 'context_page_id', 'shop_review_positive_rate', 'shop_score_service', 'hour', 'day', 'check_min_difference_ahead', 'check_item_brand_id_ratio', 'user_id_query_min_map', 'item_brand_id_shop_cnt', 'user_id_query_day', 'user_gender_id_item_id_trade_meanxd', 'item_sales_level_city_cnt', 'user_id_item_category_list_trade_meanxd', 'predict_category_property0', 'user_gender_id_item_city_id_tradexd', 'user_occupation_id_user_cnt', 'check_item_sales_level_ratio_hour_map', 'user_id_coll_prob', 'user_id_shop_cnt-check_item_brand_id_ratio', 'user_id_shop_cnt*day', 'user_id_shop_cnt*shop_score_service', 'user_id_shop_cnt+context_page_id', 'user_id_shop_cnt*item_price_level', 'user_id_shop_cnt-user_id_shop_cnt', 'user_id_query_day_item_id/item_collected_level', 'user_id_query_day_item_id/check_ratio_day_all', 'check_ratio_day_all-user_occupation_id_user_cnt', 'check_ratio_day_all+user_occupation_id_user_cnt', 'check_ratio_day_all-user_gender_id_item_city_id_tradexd', 'check_ratio_day_all+user_id_query_day']
cross term  item_category_list-day  0:
0.077911	['user_id_shop_cnt', 'user_id_query_day_item_id', 'check_ratio_day_all', 'item_category_list', 'item_price_level', 'item_sales_level', 'item_collected_level', 'user_age_level', 'user_star_level', 'context_page_id', 'shop_review_positive_rate', 'shop_score_service', 'hour', 'day', 'check_min_difference_ahead', 'check_item_brand_id_ratio', 'user_id_query_min_map', 'item_brand_id_shop_cnt', 'user_id_query_day', 'user_gender_id_item_id_trade_meanxd', 'item_sales_level_city_cnt', 'user_id_item_category_list_trade_meanxd', 'predict_category_property0', 'user_gender_id_item_city_id_tradexd', 'user_occupation_id_user_cnt', 'check_item_sales_level_ratio_hour_map', 'user_id_coll_prob', 'user_id_shop_cnt-check_item_brand_id_ratio', 'user_id_shop_cnt*day', 'user_id_shop_cnt*shop_score_service', 'user_id_shop_cnt+context_page_id', 'user_id_shop_cnt*item_price_level', 'user_id_shop_cnt-user_id_shop_cnt', 'user_id_query_day_item_id/item_collected_level', 'user_id_query_day_item_id/check_ratio_day_all', 'check_ratio_day_all-user_occupation_id_user_cnt', 'check_ratio_day_all+user_occupation_id_user_cnt', 'check_ratio_day_all-user_gender_id_item_city_id_tradexd', 'check_ratio_day_all+user_id_query_day', 'item_category_list-day']

<class 'type'>
%------------------------------------------------------------%
